{"/Users/brynecarruthers/Files/Programming/python/master-theorem/frontend/src/App.tsx": {"path":"/Users/brynecarruthers/Files/Programming/python/master-theorem/frontend/src/App.tsx","all":true,"statementMap":{"0":{"start":{"line":1,"column":0},"end":{"line":1,"column":23}},"1":{"start":{"line":2,"column":0},"end":{"line":2,"column":0}},"2":{"start":{"line":3,"column":0},"end":{"line":3,"column":52}},"3":{"start":{"line":4,"column":0},"end":{"line":4,"column":82}},"4":{"start":{"line":5,"column":0},"end":{"line":5,"column":34}},"5":{"start":{"line":6,"column":0},"end":{"line":6,"column":19}},"6":{"start":{"line":7,"column":0},"end":{"line":7,"column":8}},"7":{"start":{"line":8,"column":0},"end":{"line":8,"column":10}},"8":{"start":{"line":9,"column":0},"end":{"line":9,"column":14}},"9":{"start":{"line":10,"column":0},"end":{"line":10,"column":15}},"10":{"start":{"line":11,"column":0},"end":{"line":11,"column":14}},"11":{"start":{"line":12,"column":0},"end":{"line":12,"column":16}},"12":{"start":{"line":13,"column":0},"end":{"line":13,"column":9}},"13":{"start":{"line":14,"column":0},"end":{"line":14,"column":11}},"14":{"start":{"line":15,"column":0},"end":{"line":15,"column":15}},"15":{"start":{"line":16,"column":0},"end":{"line":16,"column":19}},"16":{"start":{"line":17,"column":0},"end":{"line":17,"column":10}},"17":{"start":{"line":18,"column":0},"end":{"line":18,"column":12}},"18":{"start":{"line":19,"column":0},"end":{"line":19,"column":26}},"19":{"start":{"line":20,"column":0},"end":{"line":20,"column":48}},"20":{"start":{"line":21,"column":0},"end":{"line":21,"column":0}},"21":{"start":{"line":22,"column":0},"end":{"line":22,"column":62}},"22":{"start":{"line":23,"column":0},"end":{"line":23,"column":51}},"23":{"start":{"line":24,"column":0},"end":{"line":24,"column":42}},"24":{"start":{"line":25,"column":0},"end":{"line":25,"column":0}},"25":{"start":{"line":26,"column":0},"end":{"line":26,"column":22}},"26":{"start":{"line":27,"column":0},"end":{"line":27,"column":21}},"27":{"start":{"line":28,"column":0},"end":{"line":28,"column":15}},"28":{"start":{"line":29,"column":0},"end":{"line":29,"column":30}},"29":{"start":{"line":30,"column":0},"end":{"line":30,"column":37}},"30":{"start":{"line":31,"column":0},"end":{"line":31,"column":14}},"31":{"start":{"line":32,"column":0},"end":{"line":32,"column":16}},"32":{"start":{"line":33,"column":0},"end":{"line":33,"column":24}},"33":{"start":{"line":34,"column":0},"end":{"line":34,"column":18}},"34":{"start":{"line":35,"column":0},"end":{"line":35,"column":30}},"35":{"start":{"line":36,"column":0},"end":{"line":36,"column":4}},"36":{"start":{"line":37,"column":0},"end":{"line":37,"column":1}},"37":{"start":{"line":38,"column":0},"end":{"line":38,"column":0}},"38":{"start":{"line":39,"column":0},"end":{"line":39,"column":25}},"39":{"start":{"line":40,"column":0},"end":{"line":40,"column":13}},"40":{"start":{"line":41,"column":0},"end":{"line":41,"column":15}},"41":{"start":{"line":42,"column":0},"end":{"line":42,"column":12}},"42":{"start":{"line":43,"column":0},"end":{"line":43,"column":12}},"43":{"start":{"line":44,"column":0},"end":{"line":44,"column":12}},"44":{"start":{"line":45,"column":0},"end":{"line":45,"column":22}},"45":{"start":{"line":46,"column":0},"end":{"line":46,"column":22}},"46":{"start":{"line":47,"column":0},"end":{"line":47,"column":16}},"47":{"start":{"line":48,"column":0},"end":{"line":48,"column":27}},"48":{"start":{"line":49,"column":0},"end":{"line":49,"column":31}},"49":{"start":{"line":50,"column":0},"end":{"line":50,"column":1}},"50":{"start":{"line":51,"column":0},"end":{"line":51,"column":0}},"51":{"start":{"line":52,"column":0},"end":{"line":52,"column":16}},"52":{"start":{"line":53,"column":0},"end":{"line":53,"column":33}},"53":{"start":{"line":54,"column":0},"end":{"line":54,"column":33}},"54":{"start":{"line":55,"column":0},"end":{"line":55,"column":33}},"55":{"start":{"line":56,"column":0},"end":{"line":56,"column":64}},"56":{"start":{"line":57,"column":0},"end":{"line":57,"column":54}},"57":{"start":{"line":58,"column":0},"end":{"line":58,"column":68}},"58":{"start":{"line":59,"column":0},"end":{"line":59,"column":62}},"59":{"start":{"line":60,"column":0},"end":{"line":60,"column":65}},"60":{"start":{"line":61,"column":0},"end":{"line":61,"column":41}},"61":{"start":{"line":62,"column":0},"end":{"line":62,"column":73}},"62":{"start":{"line":63,"column":0},"end":{"line":63,"column":41}},"63":{"start":{"line":64,"column":0},"end":{"line":64,"column":0}},"64":{"start":{"line":65,"column":0},"end":{"line":65,"column":51}},"65":{"start":{"line":66,"column":0},"end":{"line":66,"column":0}},"66":{"start":{"line":67,"column":0},"end":{"line":67,"column":19}},"67":{"start":{"line":68,"column":0},"end":{"line":68,"column":8}},"68":{"start":{"line":69,"column":0},"end":{"line":69,"column":19}},"69":{"start":{"line":70,"column":0},"end":{"line":70,"column":15}},"70":{"start":{"line":71,"column":0},"end":{"line":71,"column":25}},"71":{"start":{"line":72,"column":0},"end":{"line":72,"column":17}},"72":{"start":{"line":73,"column":0},"end":{"line":73,"column":22}},"73":{"start":{"line":74,"column":0},"end":{"line":74,"column":7}},"74":{"start":{"line":75,"column":0},"end":{"line":75,"column":52}},"75":{"start":{"line":76,"column":0},"end":{"line":76,"column":16}},"76":{"start":{"line":77,"column":0},"end":{"line":77,"column":24}},"77":{"start":{"line":78,"column":0},"end":{"line":78,"column":23}},"78":{"start":{"line":79,"column":0},"end":{"line":79,"column":17}},"79":{"start":{"line":80,"column":0},"end":{"line":80,"column":39}},"80":{"start":{"line":81,"column":0},"end":{"line":81,"column":23}},"81":{"start":{"line":82,"column":0},"end":{"line":82,"column":15}},"82":{"start":{"line":83,"column":0},"end":{"line":83,"column":36}},"83":{"start":{"line":84,"column":0},"end":{"line":84,"column":49}},"84":{"start":{"line":85,"column":0},"end":{"line":85,"column":36}},"85":{"start":{"line":86,"column":0},"end":{"line":86,"column":31}},"86":{"start":{"line":87,"column":0},"end":{"line":87,"column":28}},"87":{"start":{"line":88,"column":0},"end":{"line":88,"column":16}},"88":{"start":{"line":89,"column":0},"end":{"line":89,"column":15}},"89":{"start":{"line":90,"column":0},"end":{"line":90,"column":30}},"90":{"start":{"line":91,"column":0},"end":{"line":91,"column":43}},"91":{"start":{"line":92,"column":0},"end":{"line":92,"column":35}},"92":{"start":{"line":93,"column":0},"end":{"line":93,"column":31}},"93":{"start":{"line":94,"column":0},"end":{"line":94,"column":28}},"94":{"start":{"line":95,"column":0},"end":{"line":95,"column":35}},"95":{"start":{"line":96,"column":0},"end":{"line":96,"column":16}},"96":{"start":{"line":97,"column":0},"end":{"line":97,"column":15}},"97":{"start":{"line":98,"column":0},"end":{"line":98,"column":41}},"98":{"start":{"line":99,"column":0},"end":{"line":99,"column":55}},"99":{"start":{"line":100,"column":0},"end":{"line":100,"column":37}},"100":{"start":{"line":101,"column":0},"end":{"line":101,"column":31}},"101":{"start":{"line":102,"column":0},"end":{"line":102,"column":28}},"102":{"start":{"line":103,"column":0},"end":{"line":103,"column":36}},"103":{"start":{"line":104,"column":0},"end":{"line":104,"column":16}},"104":{"start":{"line":105,"column":0},"end":{"line":105,"column":14}},"105":{"start":{"line":106,"column":0},"end":{"line":106,"column":12}},"106":{"start":{"line":107,"column":0},"end":{"line":107,"column":20}},"107":{"start":{"line":108,"column":0},"end":{"line":108,"column":21}},"108":{"start":{"line":109,"column":0},"end":{"line":109,"column":18}},"109":{"start":{"line":110,"column":0},"end":{"line":110,"column":34}},"110":{"start":{"line":111,"column":0},"end":{"line":111,"column":24}},"111":{"start":{"line":112,"column":0},"end":{"line":112,"column":32}},"112":{"start":{"line":113,"column":0},"end":{"line":113,"column":57}},"113":{"start":{"line":114,"column":0},"end":{"line":114,"column":32}},"114":{"start":{"line":115,"column":0},"end":{"line":115,"column":25}},"115":{"start":{"line":116,"column":0},"end":{"line":116,"column":29}},"116":{"start":{"line":117,"column":0},"end":{"line":117,"column":20}},"117":{"start":{"line":118,"column":0},"end":{"line":118,"column":18}},"118":{"start":{"line":119,"column":0},"end":{"line":119,"column":26}},"119":{"start":{"line":120,"column":0},"end":{"line":120,"column":16}},"120":{"start":{"line":121,"column":0},"end":{"line":121,"column":18}},"121":{"start":{"line":122,"column":0},"end":{"line":122,"column":23}},"122":{"start":{"line":123,"column":0},"end":{"line":123,"column":32}},"123":{"start":{"line":124,"column":0},"end":{"line":124,"column":18}},"124":{"start":{"line":125,"column":0},"end":{"line":125,"column":24}},"125":{"start":{"line":126,"column":0},"end":{"line":126,"column":46}},"126":{"start":{"line":127,"column":0},"end":{"line":127,"column":100}},"127":{"start":{"line":128,"column":0},"end":{"line":128,"column":20}},"128":{"start":{"line":129,"column":0},"end":{"line":129,"column":18}},"129":{"start":{"line":130,"column":0},"end":{"line":130,"column":24}},"130":{"start":{"line":131,"column":0},"end":{"line":131,"column":32}},"131":{"start":{"line":132,"column":0},"end":{"line":132,"column":57}},"132":{"start":{"line":133,"column":0},"end":{"line":133,"column":32}},"133":{"start":{"line":134,"column":0},"end":{"line":134,"column":25}},"134":{"start":{"line":135,"column":0},"end":{"line":135,"column":29}},"135":{"start":{"line":136,"column":0},"end":{"line":136,"column":20}},"136":{"start":{"line":137,"column":0},"end":{"line":137,"column":18}},"137":{"start":{"line":138,"column":0},"end":{"line":138,"column":16}},"138":{"start":{"line":139,"column":0},"end":{"line":139,"column":14}},"139":{"start":{"line":140,"column":0},"end":{"line":140,"column":22}},"140":{"start":{"line":141,"column":0},"end":{"line":141,"column":23}},"141":{"start":{"line":142,"column":0},"end":{"line":142,"column":30}},"142":{"start":{"line":143,"column":0},"end":{"line":143,"column":58}},"143":{"start":{"line":144,"column":0},"end":{"line":144,"column":25}},"144":{"start":{"line":145,"column":0},"end":{"line":145,"column":64}},"145":{"start":{"line":146,"column":0},"end":{"line":146,"column":62}},"146":{"start":{"line":147,"column":0},"end":{"line":147,"column":18}},"147":{"start":{"line":148,"column":0},"end":{"line":148,"column":16}},"148":{"start":{"line":149,"column":0},"end":{"line":149,"column":24}},"149":{"start":{"line":150,"column":0},"end":{"line":150,"column":30}},"150":{"start":{"line":151,"column":0},"end":{"line":151,"column":16}},"151":{"start":{"line":152,"column":0},"end":{"line":152,"column":14}},"152":{"start":{"line":153,"column":0},"end":{"line":153,"column":23}},"153":{"start":{"line":154,"column":0},"end":{"line":154,"column":21}},"154":{"start":{"line":155,"column":0},"end":{"line":155,"column":53}},"155":{"start":{"line":156,"column":0},"end":{"line":156,"column":16}},"156":{"start":{"line":157,"column":0},"end":{"line":157,"column":22}},"157":{"start":{"line":158,"column":0},"end":{"line":158,"column":53}},"158":{"start":{"line":159,"column":0},"end":{"line":159,"column":16}},"159":{"start":{"line":160,"column":0},"end":{"line":160,"column":14}},"160":{"start":{"line":161,"column":0},"end":{"line":161,"column":29}},"161":{"start":{"line":162,"column":0},"end":{"line":162,"column":39}},"162":{"start":{"line":163,"column":0},"end":{"line":163,"column":12}},"163":{"start":{"line":164,"column":0},"end":{"line":164,"column":11}},"164":{"start":{"line":165,"column":0},"end":{"line":165,"column":7}},"165":{"start":{"line":166,"column":0},"end":{"line":166,"column":5}},"166":{"start":{"line":167,"column":0},"end":{"line":167,"column":27}},"167":{"start":{"line":168,"column":0},"end":{"line":168,"column":0}},"168":{"start":{"line":169,"column":0},"end":{"line":169,"column":52}},"169":{"start":{"line":170,"column":0},"end":{"line":170,"column":19}},"170":{"start":{"line":171,"column":0},"end":{"line":171,"column":41}},"171":{"start":{"line":172,"column":0},"end":{"line":172,"column":11}},"172":{"start":{"line":173,"column":0},"end":{"line":173,"column":37}},"173":{"start":{"line":174,"column":0},"end":{"line":174,"column":54}},"174":{"start":{"line":175,"column":0},"end":{"line":175,"column":10}},"175":{"start":{"line":176,"column":0},"end":{"line":176,"column":0}},"176":{"start":{"line":177,"column":0},"end":{"line":177,"column":27}},"177":{"start":{"line":178,"column":0},"end":{"line":178,"column":57}},"178":{"start":{"line":179,"column":0},"end":{"line":179,"column":9}},"179":{"start":{"line":180,"column":0},"end":{"line":180,"column":43}},"180":{"start":{"line":181,"column":0},"end":{"line":181,"column":56}},"181":{"start":{"line":182,"column":0},"end":{"line":182,"column":23}},"182":{"start":{"line":183,"column":0},"end":{"line":183,"column":60}},"183":{"start":{"line":184,"column":0},"end":{"line":184,"column":7}},"184":{"start":{"line":185,"column":0},"end":{"line":185,"column":6}},"185":{"start":{"line":186,"column":0},"end":{"line":186,"column":22}},"186":{"start":{"line":187,"column":0},"end":{"line":187,"column":9}},"187":{"start":{"line":188,"column":0},"end":{"line":188,"column":0}},"188":{"start":{"line":189,"column":0},"end":{"line":189,"column":58}},"189":{"start":{"line":190,"column":0},"end":{"line":190,"column":29}},"190":{"start":{"line":191,"column":0},"end":{"line":191,"column":31}},"191":{"start":{"line":192,"column":0},"end":{"line":192,"column":15}},"192":{"start":{"line":193,"column":0},"end":{"line":193,"column":15}},"193":{"start":{"line":194,"column":0},"end":{"line":194,"column":15}},"194":{"start":{"line":195,"column":0},"end":{"line":195,"column":81}},"195":{"start":{"line":196,"column":0},"end":{"line":196,"column":12}},"196":{"start":{"line":197,"column":0},"end":{"line":197,"column":48}},"197":{"start":{"line":198,"column":0},"end":{"line":198,"column":39}},"198":{"start":{"line":199,"column":0},"end":{"line":199,"column":8}},"199":{"start":{"line":200,"column":0},"end":{"line":200,"column":30}},"200":{"start":{"line":201,"column":0},"end":{"line":201,"column":45}},"201":{"start":{"line":202,"column":0},"end":{"line":202,"column":45}},"202":{"start":{"line":203,"column":0},"end":{"line":203,"column":45}},"203":{"start":{"line":204,"column":0},"end":{"line":204,"column":32}},"204":{"start":{"line":205,"column":0},"end":{"line":205,"column":103}},"205":{"start":{"line":206,"column":0},"end":{"line":206,"column":7}},"206":{"start":{"line":207,"column":0},"end":{"line":207,"column":5}},"207":{"start":{"line":208,"column":0},"end":{"line":208,"column":4}},"208":{"start":{"line":209,"column":0},"end":{"line":209,"column":0}},"209":{"start":{"line":210,"column":0},"end":{"line":210,"column":64}},"210":{"start":{"line":211,"column":0},"end":{"line":211,"column":68}},"211":{"start":{"line":212,"column":0},"end":{"line":212,"column":27}},"212":{"start":{"line":213,"column":0},"end":{"line":213,"column":30}},"213":{"start":{"line":214,"column":0},"end":{"line":214,"column":4}},"214":{"start":{"line":215,"column":0},"end":{"line":215,"column":0}},"215":{"start":{"line":216,"column":0},"end":{"line":216,"column":64}},"216":{"start":{"line":217,"column":0},"end":{"line":217,"column":64}},"217":{"start":{"line":218,"column":0},"end":{"line":218,"column":71}},"218":{"start":{"line":219,"column":0},"end":{"line":219,"column":25}},"219":{"start":{"line":220,"column":0},"end":{"line":220,"column":0}},"220":{"start":{"line":221,"column":0},"end":{"line":221,"column":66}},"221":{"start":{"line":222,"column":0},"end":{"line":222,"column":62}},"222":{"start":{"line":223,"column":0},"end":{"line":223,"column":0}},"223":{"start":{"line":224,"column":0},"end":{"line":224,"column":9}},"224":{"start":{"line":225,"column":0},"end":{"line":225,"column":35}},"225":{"start":{"line":226,"column":0},"end":{"line":226,"column":52}},"226":{"start":{"line":227,"column":0},"end":{"line":227,"column":9}},"227":{"start":{"line":228,"column":0},"end":{"line":228,"column":25}},"228":{"start":{"line":229,"column":0},"end":{"line":229,"column":20}},"229":{"start":{"line":230,"column":0},"end":{"line":230,"column":47}},"230":{"start":{"line":231,"column":0},"end":{"line":231,"column":12}},"231":{"start":{"line":232,"column":0},"end":{"line":232,"column":44}},"232":{"start":{"line":233,"column":0},"end":{"line":233,"column":9}},"233":{"start":{"line":234,"column":0},"end":{"line":234,"column":8}},"234":{"start":{"line":235,"column":0},"end":{"line":235,"column":0}},"235":{"start":{"line":236,"column":0},"end":{"line":236,"column":25}},"236":{"start":{"line":237,"column":0},"end":{"line":237,"column":55}},"237":{"start":{"line":238,"column":0},"end":{"line":238,"column":7}},"238":{"start":{"line":239,"column":0},"end":{"line":239,"column":0}},"239":{"start":{"line":240,"column":0},"end":{"line":240,"column":41}},"240":{"start":{"line":241,"column":0},"end":{"line":241,"column":22}},"241":{"start":{"line":242,"column":0},"end":{"line":242,"column":26}},"242":{"start":{"line":243,"column":0},"end":{"line":243,"column":21}},"243":{"start":{"line":244,"column":0},"end":{"line":244,"column":77}},"244":{"start":{"line":245,"column":0},"end":{"line":245,"column":5}},"245":{"start":{"line":246,"column":0},"end":{"line":246,"column":4}},"246":{"start":{"line":247,"column":0},"end":{"line":247,"column":0}},"247":{"start":{"line":248,"column":0},"end":{"line":248,"column":70}},"248":{"start":{"line":249,"column":0},"end":{"line":249,"column":76}},"249":{"start":{"line":250,"column":0},"end":{"line":250,"column":30}},"250":{"start":{"line":251,"column":0},"end":{"line":251,"column":84}},"251":{"start":{"line":252,"column":0},"end":{"line":252,"column":60}},"252":{"start":{"line":253,"column":0},"end":{"line":253,"column":12}},"253":{"start":{"line":254,"column":0},"end":{"line":254,"column":38}},"254":{"start":{"line":255,"column":0},"end":{"line":255,"column":71}},"255":{"start":{"line":256,"column":0},"end":{"line":256,"column":0}},"256":{"start":{"line":257,"column":0},"end":{"line":257,"column":51}},"257":{"start":{"line":258,"column":0},"end":{"line":258,"column":41}},"258":{"start":{"line":259,"column":0},"end":{"line":259,"column":5}},"259":{"start":{"line":260,"column":0},"end":{"line":260,"column":4}},"260":{"start":{"line":261,"column":0},"end":{"line":261,"column":0}},"261":{"start":{"line":262,"column":0},"end":{"line":262,"column":25}},"262":{"start":{"line":263,"column":0},"end":{"line":263,"column":40}},"263":{"start":{"line":264,"column":0},"end":{"line":264,"column":39}},"264":{"start":{"line":265,"column":0},"end":{"line":265,"column":27}},"265":{"start":{"line":266,"column":0},"end":{"line":266,"column":37}},"266":{"start":{"line":267,"column":0},"end":{"line":267,"column":8}},"267":{"start":{"line":268,"column":0},"end":{"line":268,"column":4}},"268":{"start":{"line":269,"column":0},"end":{"line":269,"column":0}},"269":{"start":{"line":270,"column":0},"end":{"line":270,"column":36}},"270":{"start":{"line":271,"column":0},"end":{"line":271,"column":18}},"271":{"start":{"line":272,"column":0},"end":{"line":272,"column":56}},"272":{"start":{"line":273,"column":0},"end":{"line":273,"column":8}},"273":{"start":{"line":274,"column":0},"end":{"line":274,"column":46}},"274":{"start":{"line":275,"column":0},"end":{"line":275,"column":46}},"275":{"start":{"line":276,"column":0},"end":{"line":276,"column":91}},"276":{"start":{"line":277,"column":0},"end":{"line":277,"column":20}},"277":{"start":{"line":278,"column":0},"end":{"line":278,"column":5}},"278":{"start":{"line":279,"column":0},"end":{"line":279,"column":127}},"279":{"start":{"line":280,"column":0},"end":{"line":280,"column":4}},"280":{"start":{"line":281,"column":0},"end":{"line":281,"column":0}},"281":{"start":{"line":282,"column":0},"end":{"line":282,"column":10}},"282":{"start":{"line":283,"column":0},"end":{"line":283,"column":6}},"283":{"start":{"line":284,"column":0},"end":{"line":284,"column":34}},"284":{"start":{"line":285,"column":0},"end":{"line":285,"column":50}},"285":{"start":{"line":286,"column":0},"end":{"line":286,"column":21}},"286":{"start":{"line":287,"column":0},"end":{"line":287,"column":24}},"287":{"start":{"line":288,"column":0},"end":{"line":288,"column":41}},"288":{"start":{"line":289,"column":0},"end":{"line":289,"column":77}},"289":{"start":{"line":290,"column":0},"end":{"line":290,"column":19}},"290":{"start":{"line":291,"column":0},"end":{"line":291,"column":47}},"291":{"start":{"line":292,"column":0},"end":{"line":292,"column":47}},"292":{"start":{"line":293,"column":0},"end":{"line":293,"column":27}},"293":{"start":{"line":294,"column":0},"end":{"line":294,"column":78}},"294":{"start":{"line":295,"column":0},"end":{"line":295,"column":28}},"295":{"start":{"line":296,"column":0},"end":{"line":296,"column":23}},"296":{"start":{"line":297,"column":0},"end":{"line":297,"column":20}},"297":{"start":{"line":298,"column":0},"end":{"line":298,"column":78}},"298":{"start":{"line":299,"column":0},"end":{"line":299,"column":28}},"299":{"start":{"line":300,"column":0},"end":{"line":300,"column":23}},"300":{"start":{"line":301,"column":0},"end":{"line":301,"column":23}},"301":{"start":{"line":302,"column":0},"end":{"line":302,"column":21}},"302":{"start":{"line":303,"column":0},"end":{"line":303,"column":80}},"303":{"start":{"line":304,"column":0},"end":{"line":304,"column":30}},"304":{"start":{"line":305,"column":0},"end":{"line":305,"column":25}},"305":{"start":{"line":306,"column":0},"end":{"line":306,"column":22}},"306":{"start":{"line":307,"column":0},"end":{"line":307,"column":17}},"307":{"start":{"line":308,"column":0},"end":{"line":308,"column":23}},"308":{"start":{"line":309,"column":0},"end":{"line":309,"column":18}},"309":{"start":{"line":310,"column":0},"end":{"line":310,"column":25}},"310":{"start":{"line":311,"column":0},"end":{"line":311,"column":0}},"311":{"start":{"line":312,"column":0},"end":{"line":312,"column":44}},"312":{"start":{"line":313,"column":0},"end":{"line":313,"column":21}},"313":{"start":{"line":314,"column":0},"end":{"line":314,"column":47}},"314":{"start":{"line":315,"column":0},"end":{"line":315,"column":25}},"315":{"start":{"line":316,"column":0},"end":{"line":316,"column":25}},"316":{"start":{"line":317,"column":0},"end":{"line":317,"column":21}},"317":{"start":{"line":318,"column":0},"end":{"line":318,"column":30}},"318":{"start":{"line":319,"column":0},"end":{"line":319,"column":23}},"319":{"start":{"line":320,"column":0},"end":{"line":320,"column":78}},"320":{"start":{"line":321,"column":0},"end":{"line":321,"column":39}},"321":{"start":{"line":322,"column":0},"end":{"line":322,"column":14}},"322":{"start":{"line":323,"column":0},"end":{"line":323,"column":21}},"323":{"start":{"line":324,"column":0},"end":{"line":324,"column":65}},"324":{"start":{"line":325,"column":0},"end":{"line":325,"column":25}},"325":{"start":{"line":326,"column":0},"end":{"line":326,"column":25}},"326":{"start":{"line":327,"column":0},"end":{"line":327,"column":21}},"327":{"start":{"line":328,"column":0},"end":{"line":328,"column":30}},"328":{"start":{"line":329,"column":0},"end":{"line":329,"column":23}},"329":{"start":{"line":330,"column":0},"end":{"line":330,"column":78}},"330":{"start":{"line":331,"column":0},"end":{"line":331,"column":39}},"331":{"start":{"line":332,"column":0},"end":{"line":332,"column":14}},"332":{"start":{"line":333,"column":0},"end":{"line":333,"column":21}},"333":{"start":{"line":334,"column":0},"end":{"line":334,"column":73}},"334":{"start":{"line":335,"column":0},"end":{"line":335,"column":25}},"335":{"start":{"line":336,"column":0},"end":{"line":336,"column":25}},"336":{"start":{"line":337,"column":0},"end":{"line":337,"column":21}},"337":{"start":{"line":338,"column":0},"end":{"line":338,"column":30}},"338":{"start":{"line":339,"column":0},"end":{"line":339,"column":23}},"339":{"start":{"line":340,"column":0},"end":{"line":340,"column":78}},"340":{"start":{"line":341,"column":0},"end":{"line":341,"column":39}},"341":{"start":{"line":342,"column":0},"end":{"line":342,"column":14}},"342":{"start":{"line":343,"column":0},"end":{"line":343,"column":34}},"343":{"start":{"line":344,"column":0},"end":{"line":344,"column":24}},"344":{"start":{"line":345,"column":0},"end":{"line":345,"column":36}},"345":{"start":{"line":346,"column":0},"end":{"line":346,"column":56}},"346":{"start":{"line":347,"column":0},"end":{"line":347,"column":48}},"347":{"start":{"line":348,"column":0},"end":{"line":348,"column":16}},"348":{"start":{"line":349,"column":0},"end":{"line":349,"column":18}},"349":{"start":{"line":350,"column":0},"end":{"line":350,"column":0}},"350":{"start":{"line":351,"column":0},"end":{"line":351,"column":19}},"351":{"start":{"line":352,"column":0},"end":{"line":352,"column":36}},"352":{"start":{"line":353,"column":0},"end":{"line":353,"column":35}},"353":{"start":{"line":354,"column":0},"end":{"line":354,"column":39}},"354":{"start":{"line":355,"column":0},"end":{"line":355,"column":13}},"355":{"start":{"line":356,"column":0},"end":{"line":356,"column":22}},"356":{"start":{"line":357,"column":0},"end":{"line":357,"column":21}},"357":{"start":{"line":358,"column":0},"end":{"line":358,"column":17}},"358":{"start":{"line":359,"column":0},"end":{"line":359,"column":22}},"359":{"start":{"line":360,"column":0},"end":{"line":360,"column":16}},"360":{"start":{"line":361,"column":0},"end":{"line":361,"column":0}},"361":{"start":{"line":362,"column":0},"end":{"line":362,"column":32}},"362":{"start":{"line":363,"column":0},"end":{"line":363,"column":34}},"363":{"start":{"line":364,"column":0},"end":{"line":364,"column":25}},"364":{"start":{"line":365,"column":0},"end":{"line":365,"column":31}},"365":{"start":{"line":366,"column":0},"end":{"line":366,"column":26}},"366":{"start":{"line":367,"column":0},"end":{"line":367,"column":56}},"367":{"start":{"line":368,"column":0},"end":{"line":368,"column":74}},"368":{"start":{"line":369,"column":0},"end":{"line":369,"column":0}},"369":{"start":{"line":370,"column":0},"end":{"line":370,"column":25}},"370":{"start":{"line":371,"column":0},"end":{"line":371,"column":52}},"371":{"start":{"line":372,"column":0},"end":{"line":372,"column":19}},"372":{"start":{"line":373,"column":0},"end":{"line":373,"column":80}},"373":{"start":{"line":374,"column":0},"end":{"line":374,"column":22}},"374":{"start":{"line":375,"column":0},"end":{"line":375,"column":26}},"375":{"start":{"line":376,"column":0},"end":{"line":376,"column":25}},"376":{"start":{"line":377,"column":0},"end":{"line":377,"column":43}},"377":{"start":{"line":378,"column":0},"end":{"line":378,"column":77}},"378":{"start":{"line":379,"column":0},"end":{"line":379,"column":26}},"379":{"start":{"line":380,"column":0},"end":{"line":380,"column":0}},"380":{"start":{"line":381,"column":0},"end":{"line":381,"column":98}},"381":{"start":{"line":382,"column":0},"end":{"line":382,"column":27}},"382":{"start":{"line":383,"column":0},"end":{"line":383,"column":63}},"383":{"start":{"line":384,"column":0},"end":{"line":384,"column":113}},"384":{"start":{"line":385,"column":0},"end":{"line":385,"column":67}},"385":{"start":{"line":386,"column":0},"end":{"line":386,"column":28}},"386":{"start":{"line":387,"column":0},"end":{"line":387,"column":14}},"387":{"start":{"line":388,"column":0},"end":{"line":388,"column":0}},"388":{"start":{"line":389,"column":0},"end":{"line":389,"column":25}},"389":{"start":{"line":390,"column":0},"end":{"line":390,"column":48}},"390":{"start":{"line":391,"column":0},"end":{"line":391,"column":19}},"391":{"start":{"line":392,"column":0},"end":{"line":392,"column":71}},"392":{"start":{"line":393,"column":0},"end":{"line":393,"column":22}},"393":{"start":{"line":394,"column":0},"end":{"line":394,"column":26}},"394":{"start":{"line":395,"column":0},"end":{"line":395,"column":24}},"395":{"start":{"line":396,"column":0},"end":{"line":396,"column":0}},"396":{"start":{"line":397,"column":0},"end":{"line":397,"column":40}},"397":{"start":{"line":398,"column":0},"end":{"line":398,"column":14}},"398":{"start":{"line":399,"column":0},"end":{"line":399,"column":64}},"399":{"start":{"line":400,"column":0},"end":{"line":400,"column":57}},"400":{"start":{"line":401,"column":0},"end":{"line":401,"column":33}},"401":{"start":{"line":402,"column":0},"end":{"line":402,"column":40}},"402":{"start":{"line":403,"column":0},"end":{"line":403,"column":32}},"403":{"start":{"line":404,"column":0},"end":{"line":404,"column":31}},"404":{"start":{"line":405,"column":0},"end":{"line":405,"column":22}},"405":{"start":{"line":406,"column":0},"end":{"line":406,"column":77}},"406":{"start":{"line":407,"column":0},"end":{"line":407,"column":33}},"407":{"start":{"line":408,"column":0},"end":{"line":408,"column":23}},"408":{"start":{"line":409,"column":0},"end":{"line":409,"column":19}},"409":{"start":{"line":410,"column":0},"end":{"line":410,"column":17}},"410":{"start":{"line":411,"column":0},"end":{"line":411,"column":75}},"411":{"start":{"line":412,"column":0},"end":{"line":412,"column":35}},"412":{"start":{"line":413,"column":0},"end":{"line":413,"column":33}},"413":{"start":{"line":414,"column":0},"end":{"line":414,"column":32}},"414":{"start":{"line":415,"column":0},"end":{"line":415,"column":31}},"415":{"start":{"line":416,"column":0},"end":{"line":416,"column":22}},"416":{"start":{"line":417,"column":0},"end":{"line":417,"column":70}},"417":{"start":{"line":418,"column":0},"end":{"line":418,"column":23}},"418":{"start":{"line":419,"column":0},"end":{"line":419,"column":19}},"419":{"start":{"line":420,"column":0},"end":{"line":420,"column":17}},"420":{"start":{"line":421,"column":0},"end":{"line":421,"column":46}},"421":{"start":{"line":422,"column":0},"end":{"line":422,"column":71}},"422":{"start":{"line":423,"column":0},"end":{"line":423,"column":24}},"423":{"start":{"line":424,"column":0},"end":{"line":424,"column":35}},"424":{"start":{"line":425,"column":0},"end":{"line":425,"column":29}},"425":{"start":{"line":426,"column":0},"end":{"line":426,"column":15}},"426":{"start":{"line":427,"column":0},"end":{"line":427,"column":12}},"427":{"start":{"line":428,"column":0},"end":{"line":428,"column":18}},"428":{"start":{"line":429,"column":0},"end":{"line":429,"column":8}},"429":{"start":{"line":430,"column":0},"end":{"line":430,"column":51}},"430":{"start":{"line":431,"column":0},"end":{"line":431,"column":23}},"431":{"start":{"line":432,"column":0},"end":{"line":432,"column":43}},"432":{"start":{"line":433,"column":0},"end":{"line":433,"column":24}},"433":{"start":{"line":434,"column":0},"end":{"line":434,"column":0}},"434":{"start":{"line":435,"column":0},"end":{"line":435,"column":40}},"435":{"start":{"line":436,"column":0},"end":{"line":436,"column":27}},"436":{"start":{"line":437,"column":0},"end":{"line":437,"column":34}},"437":{"start":{"line":438,"column":0},"end":{"line":438,"column":26}},"438":{"start":{"line":439,"column":0},"end":{"line":439,"column":53}},"439":{"start":{"line":440,"column":0},"end":{"line":440,"column":11}},"440":{"start":{"line":441,"column":0},"end":{"line":441,"column":21}},"441":{"start":{"line":442,"column":0},"end":{"line":442,"column":17}},"442":{"start":{"line":443,"column":0},"end":{"line":443,"column":80}},"443":{"start":{"line":444,"column":0},"end":{"line":444,"column":73}},"444":{"start":{"line":445,"column":0},"end":{"line":445,"column":77}},"445":{"start":{"line":446,"column":0},"end":{"line":446,"column":80}},"446":{"start":{"line":447,"column":0},"end":{"line":447,"column":75}},"447":{"start":{"line":448,"column":0},"end":{"line":448,"column":72}},"448":{"start":{"line":449,"column":0},"end":{"line":449,"column":79}},"449":{"start":{"line":450,"column":0},"end":{"line":450,"column":36}},"450":{"start":{"line":451,"column":0},"end":{"line":451,"column":18}},"451":{"start":{"line":452,"column":0},"end":{"line":452,"column":17}},"452":{"start":{"line":453,"column":0},"end":{"line":453,"column":78}},"453":{"start":{"line":454,"column":0},"end":{"line":454,"column":41}},"454":{"start":{"line":455,"column":0},"end":{"line":455,"column":18}},"455":{"start":{"line":456,"column":0},"end":{"line":456,"column":18}},"456":{"start":{"line":457,"column":0},"end":{"line":457,"column":20}},"457":{"start":{"line":458,"column":0},"end":{"line":458,"column":75}},"458":{"start":{"line":459,"column":0},"end":{"line":459,"column":21}},"459":{"start":{"line":460,"column":0},"end":{"line":460,"column":20}},"460":{"start":{"line":461,"column":0},"end":{"line":461,"column":78}},"461":{"start":{"line":462,"column":0},"end":{"line":462,"column":26}},"462":{"start":{"line":463,"column":0},"end":{"line":463,"column":21}},"463":{"start":{"line":464,"column":0},"end":{"line":464,"column":20}},"464":{"start":{"line":465,"column":0},"end":{"line":465,"column":79}},"465":{"start":{"line":466,"column":0},"end":{"line":466,"column":41}},"466":{"start":{"line":467,"column":0},"end":{"line":467,"column":21}},"467":{"start":{"line":468,"column":0},"end":{"line":468,"column":19}},"468":{"start":{"line":469,"column":0},"end":{"line":469,"column":22}},"469":{"start":{"line":470,"column":0},"end":{"line":470,"column":29}},"470":{"start":{"line":471,"column":0},"end":{"line":471,"column":27}},"471":{"start":{"line":472,"column":0},"end":{"line":472,"column":34}},"472":{"start":{"line":473,"column":0},"end":{"line":473,"column":26}},"473":{"start":{"line":474,"column":0},"end":{"line":474,"column":56}},"474":{"start":{"line":475,"column":0},"end":{"line":475,"column":11}},"475":{"start":{"line":476,"column":0},"end":{"line":476,"column":21}},"476":{"start":{"line":477,"column":0},"end":{"line":477,"column":17}},"477":{"start":{"line":478,"column":0},"end":{"line":478,"column":73}},"478":{"start":{"line":479,"column":0},"end":{"line":479,"column":66}},"479":{"start":{"line":480,"column":0},"end":{"line":480,"column":18}},"480":{"start":{"line":481,"column":0},"end":{"line":481,"column":41}},"481":{"start":{"line":482,"column":0},"end":{"line":482,"column":54}},"482":{"start":{"line":483,"column":0},"end":{"line":483,"column":18}},"483":{"start":{"line":484,"column":0},"end":{"line":484,"column":17}},"484":{"start":{"line":485,"column":0},"end":{"line":485,"column":79}},"485":{"start":{"line":486,"column":0},"end":{"line":486,"column":79}},"486":{"start":{"line":487,"column":0},"end":{"line":487,"column":49}},"487":{"start":{"line":488,"column":0},"end":{"line":488,"column":18}},"488":{"start":{"line":489,"column":0},"end":{"line":489,"column":18}},"489":{"start":{"line":490,"column":0},"end":{"line":490,"column":20}},"490":{"start":{"line":491,"column":0},"end":{"line":491,"column":78}},"491":{"start":{"line":492,"column":0},"end":{"line":492,"column":23}},"492":{"start":{"line":493,"column":0},"end":{"line":493,"column":21}},"493":{"start":{"line":494,"column":0},"end":{"line":494,"column":20}},"494":{"start":{"line":495,"column":0},"end":{"line":495,"column":75}},"495":{"start":{"line":496,"column":0},"end":{"line":496,"column":40}},"496":{"start":{"line":497,"column":0},"end":{"line":497,"column":21}},"497":{"start":{"line":498,"column":0},"end":{"line":498,"column":20}},"498":{"start":{"line":499,"column":0},"end":{"line":499,"column":74}},"499":{"start":{"line":500,"column":0},"end":{"line":500,"column":78}},"500":{"start":{"line":501,"column":0},"end":{"line":501,"column":40}},"501":{"start":{"line":502,"column":0},"end":{"line":502,"column":21}},"502":{"start":{"line":503,"column":0},"end":{"line":503,"column":19}},"503":{"start":{"line":504,"column":0},"end":{"line":504,"column":17}},"504":{"start":{"line":505,"column":0},"end":{"line":505,"column":76}},"505":{"start":{"line":506,"column":0},"end":{"line":506,"column":49}},"506":{"start":{"line":507,"column":0},"end":{"line":507,"column":18}},"507":{"start":{"line":508,"column":0},"end":{"line":508,"column":18}},"508":{"start":{"line":509,"column":0},"end":{"line":509,"column":43}},"509":{"start":{"line":510,"column":0},"end":{"line":510,"column":26}},"510":{"start":{"line":511,"column":0},"end":{"line":511,"column":46}},"511":{"start":{"line":512,"column":0},"end":{"line":512,"column":27}},"512":{"start":{"line":513,"column":0},"end":{"line":513,"column":20}},"513":{"start":{"line":514,"column":0},"end":{"line":514,"column":0}},"514":{"start":{"line":515,"column":0},"end":{"line":515,"column":20}},"515":{"start":{"line":516,"column":0},"end":{"line":516,"column":26}},"516":{"start":{"line":517,"column":0},"end":{"line":517,"column":21}},"517":{"start":{"line":518,"column":0},"end":{"line":518,"column":25}},"518":{"start":{"line":519,"column":0},"end":{"line":519,"column":40}},"519":{"start":{"line":520,"column":0},"end":{"line":520,"column":26}},"520":{"start":{"line":521,"column":0},"end":{"line":521,"column":32}},"521":{"start":{"line":522,"column":0},"end":{"line":522,"column":75}},"522":{"start":{"line":523,"column":0},"end":{"line":523,"column":21}},"523":{"start":{"line":524,"column":0},"end":{"line":524,"column":20}},"524":{"start":{"line":525,"column":0},"end":{"line":525,"column":65}},"525":{"start":{"line":526,"column":0},"end":{"line":526,"column":52}},"526":{"start":{"line":527,"column":0},"end":{"line":527,"column":21}},"527":{"start":{"line":528,"column":0},"end":{"line":528,"column":19}},"528":{"start":{"line":529,"column":0},"end":{"line":529,"column":17}},"529":{"start":{"line":530,"column":0},"end":{"line":530,"column":80}},"530":{"start":{"line":531,"column":0},"end":{"line":531,"column":36}},"531":{"start":{"line":532,"column":0},"end":{"line":532,"column":18}},"532":{"start":{"line":533,"column":0},"end":{"line":533,"column":22}},"533":{"start":{"line":534,"column":0},"end":{"line":534,"column":29}},"534":{"start":{"line":535,"column":0},"end":{"line":535,"column":27}},"535":{"start":{"line":536,"column":0},"end":{"line":536,"column":34}},"536":{"start":{"line":537,"column":0},"end":{"line":537,"column":26}},"537":{"start":{"line":538,"column":0},"end":{"line":538,"column":59}},"538":{"start":{"line":539,"column":0},"end":{"line":539,"column":11}},"539":{"start":{"line":540,"column":0},"end":{"line":540,"column":21}},"540":{"start":{"line":541,"column":0},"end":{"line":541,"column":17}},"541":{"start":{"line":542,"column":0},"end":{"line":542,"column":42}},"542":{"start":{"line":543,"column":0},"end":{"line":543,"column":21}},"543":{"start":{"line":544,"column":0},"end":{"line":544,"column":36}},"544":{"start":{"line":545,"column":0},"end":{"line":545,"column":27}},"545":{"start":{"line":546,"column":0},"end":{"line":546,"column":72}},"546":{"start":{"line":547,"column":0},"end":{"line":547,"column":18}},"547":{"start":{"line":548,"column":0},"end":{"line":548,"column":41}},"548":{"start":{"line":549,"column":0},"end":{"line":549,"column":24}},"549":{"start":{"line":550,"column":0},"end":{"line":550,"column":26}},"550":{"start":{"line":551,"column":0},"end":{"line":551,"column":23}},"551":{"start":{"line":552,"column":0},"end":{"line":552,"column":38}},"552":{"start":{"line":553,"column":0},"end":{"line":553,"column":24}},"553":{"start":{"line":554,"column":0},"end":{"line":554,"column":25}},"554":{"start":{"line":555,"column":0},"end":{"line":555,"column":18}},"555":{"start":{"line":556,"column":0},"end":{"line":556,"column":0}},"556":{"start":{"line":557,"column":0},"end":{"line":557,"column":17}},"557":{"start":{"line":558,"column":0},"end":{"line":558,"column":42}},"558":{"start":{"line":559,"column":0},"end":{"line":559,"column":21}},"559":{"start":{"line":560,"column":0},"end":{"line":560,"column":36}},"560":{"start":{"line":561,"column":0},"end":{"line":561,"column":27}},"561":{"start":{"line":562,"column":0},"end":{"line":562,"column":47}},"562":{"start":{"line":563,"column":0},"end":{"line":563,"column":18}},"563":{"start":{"line":564,"column":0},"end":{"line":564,"column":41}},"564":{"start":{"line":565,"column":0},"end":{"line":565,"column":24}},"565":{"start":{"line":566,"column":0},"end":{"line":566,"column":45}},"566":{"start":{"line":567,"column":0},"end":{"line":567,"column":25}},"567":{"start":{"line":568,"column":0},"end":{"line":568,"column":18}},"568":{"start":{"line":569,"column":0},"end":{"line":569,"column":0}},"569":{"start":{"line":570,"column":0},"end":{"line":570,"column":17}},"570":{"start":{"line":571,"column":0},"end":{"line":571,"column":71}},"571":{"start":{"line":572,"column":0},"end":{"line":572,"column":43}},"572":{"start":{"line":573,"column":0},"end":{"line":573,"column":21}},"573":{"start":{"line":574,"column":0},"end":{"line":574,"column":36}},"574":{"start":{"line":575,"column":0},"end":{"line":575,"column":27}},"575":{"start":{"line":576,"column":0},"end":{"line":576,"column":47}},"576":{"start":{"line":577,"column":0},"end":{"line":577,"column":24}},"577":{"start":{"line":578,"column":0},"end":{"line":578,"column":38}},"578":{"start":{"line":579,"column":0},"end":{"line":579,"column":31}},"579":{"start":{"line":580,"column":0},"end":{"line":580,"column":30}},"580":{"start":{"line":581,"column":0},"end":{"line":581,"column":17}},"581":{"start":{"line":582,"column":0},"end":{"line":582,"column":18}},"582":{"start":{"line":583,"column":0},"end":{"line":583,"column":41}},"583":{"start":{"line":584,"column":0},"end":{"line":584,"column":24}},"584":{"start":{"line":585,"column":0},"end":{"line":585,"column":41}},"585":{"start":{"line":586,"column":0},"end":{"line":586,"column":25}},"586":{"start":{"line":587,"column":0},"end":{"line":587,"column":18}},"587":{"start":{"line":588,"column":0},"end":{"line":588,"column":18}},"588":{"start":{"line":589,"column":0},"end":{"line":589,"column":20}},"589":{"start":{"line":590,"column":0},"end":{"line":590,"column":75}},"590":{"start":{"line":591,"column":0},"end":{"line":591,"column":77}},"591":{"start":{"line":592,"column":0},"end":{"line":592,"column":80}},"592":{"start":{"line":593,"column":0},"end":{"line":593,"column":51}},"593":{"start":{"line":594,"column":0},"end":{"line":594,"column":21}},"594":{"start":{"line":595,"column":0},"end":{"line":595,"column":20}},"595":{"start":{"line":596,"column":0},"end":{"line":596,"column":75}},"596":{"start":{"line":597,"column":0},"end":{"line":597,"column":76}},"597":{"start":{"line":598,"column":0},"end":{"line":598,"column":74}},"598":{"start":{"line":599,"column":0},"end":{"line":599,"column":78}},"599":{"start":{"line":600,"column":0},"end":{"line":600,"column":32}},"600":{"start":{"line":601,"column":0},"end":{"line":601,"column":21}},"601":{"start":{"line":602,"column":0},"end":{"line":602,"column":20}},"602":{"start":{"line":603,"column":0},"end":{"line":603,"column":77}},"603":{"start":{"line":604,"column":0},"end":{"line":604,"column":76}},"604":{"start":{"line":605,"column":0},"end":{"line":605,"column":79}},"605":{"start":{"line":606,"column":0},"end":{"line":606,"column":71}},"606":{"start":{"line":607,"column":0},"end":{"line":607,"column":77}},"607":{"start":{"line":608,"column":0},"end":{"line":608,"column":26}},"608":{"start":{"line":609,"column":0},"end":{"line":609,"column":21}},"609":{"start":{"line":610,"column":0},"end":{"line":610,"column":19}},"610":{"start":{"line":611,"column":0},"end":{"line":611,"column":17}},"611":{"start":{"line":612,"column":0},"end":{"line":612,"column":23}},"612":{"start":{"line":613,"column":0},"end":{"line":613,"column":37}},"613":{"start":{"line":614,"column":0},"end":{"line":614,"column":76}},"614":{"start":{"line":615,"column":0},"end":{"line":615,"column":76}},"615":{"start":{"line":616,"column":0},"end":{"line":616,"column":79}},"616":{"start":{"line":617,"column":0},"end":{"line":617,"column":74}},"617":{"start":{"line":618,"column":0},"end":{"line":618,"column":51}},"618":{"start":{"line":619,"column":0},"end":{"line":619,"column":24}},"619":{"start":{"line":620,"column":0},"end":{"line":620,"column":18}},"620":{"start":{"line":621,"column":0},"end":{"line":621,"column":22}},"621":{"start":{"line":622,"column":0},"end":{"line":622,"column":29}},"622":{"start":{"line":623,"column":0},"end":{"line":623,"column":23}},"623":{"start":{"line":624,"column":0},"end":{"line":624,"column":16}},"624":{"start":{"line":625,"column":0},"end":{"line":625,"column":7}},"625":{"start":{"line":626,"column":0},"end":{"line":626,"column":4}},"626":{"start":{"line":627,"column":0},"end":{"line":627,"column":1}},"627":{"start":{"line":628,"column":0},"end":{"line":628,"column":0}},"628":{"start":{"line":629,"column":0},"end":{"line":629,"column":19}}},"s":{"0":0,"1":0,"2":0,"3":0,"4":0,"5":0,"6":0,"7":0,"8":0,"9":0,"10":0,"11":0,"12":0,"13":0,"14":0,"15":0,"16":0,"17":0,"18":0,"19":0,"20":0,"21":0,"22":0,"23":0,"24":0,"25":0,"26":0,"27":0,"28":0,"29":0,"30":0,"31":0,"32":0,"33":0,"34":0,"35":0,"36":0,"37":0,"38":0,"39":0,"40":0,"41":0,"42":0,"43":0,"44":0,"45":0,"46":0,"47":0,"48":0,"49":0,"50":0,"51":0,"52":0,"53":0,"54":0,"55":0,"56":0,"57":0,"58":0,"59":0,"60":0,"61":0,"62":0,"63":0,"64":0,"65":0,"66":0,"67":0,"68":0,"69":0,"70":0,"71":0,"72":0,"73":0,"74":0,"75":0,"76":0,"77":0,"78":0,"79":0,"80":0,"81":0,"82":0,"83":0,"84":0,"85":0,"86":0,"87":0,"88":0,"89":0,"90":0,"91":0,"92":0,"93":0,"94":0,"95":0,"96":0,"97":0,"98":0,"99":0,"100":0,"101":0,"102":0,"103":0,"104":0,"105":0,"106":0,"107":0,"108":0,"109":0,"110":0,"111":0,"112":0,"113":0,"114":0,"115":0,"116":0,"117":0,"118":0,"119":0,"120":0,"121":0,"122":0,"123":0,"124":0,"125":0,"126":0,"127":0,"128":0,"129":0,"130":0,"131":0,"132":0,"133":0,"134":0,"135":0,"136":0,"137":0,"138":0,"139":0,"140":0,"141":0,"142":0,"143":0,"144":0,"145":0,"146":0,"147":0,"148":0,"149":0,"150":0,"151":0,"152":0,"153":0,"154":0,"155":0,"156":0,"157":0,"158":0,"159":0,"160":0,"161":0,"162":0,"163":0,"164":0,"165":0,"166":0,"167":0,"168":0,"169":0,"170":0,"171":0,"172":0,"173":0,"174":0,"175":0,"176":0,"177":0,"178":0,"179":0,"180":0,"181":0,"182":0,"183":0,"184":0,"185":0,"186":0,"187":0,"188":0,"189":0,"190":0,"191":0,"192":0,"193":0,"194":0,"195":0,"196":0,"197":0,"198":0,"199":0,"200":0,"201":0,"202":0,"203":0,"204":0,"205":0,"206":0,"207":0,"208":0,"209":0,"210":0,"211":0,"212":0,"213":0,"214":0,"215":0,"216":0,"217":0,"218":0,"219":0,"220":0,"221":0,"222":0,"223":0,"224":0,"225":0,"226":0,"227":0,"228":0,"229":0,"230":0,"231":0,"232":0,"233":0,"234":0,"235":0,"236":0,"237":0,"238":0,"239":0,"240":0,"241":0,"242":0,"243":0,"244":0,"245":0,"246":0,"247":0,"248":0,"249":0,"250":0,"251":0,"252":0,"253":0,"254":0,"255":0,"256":0,"257":0,"258":0,"259":0,"260":0,"261":0,"262":0,"263":0,"264":0,"265":0,"266":0,"267":0,"268":0,"269":0,"270":0,"271":0,"272":0,"273":0,"274":0,"275":0,"276":0,"277":0,"278":0,"279":0,"280":0,"281":0,"282":0,"283":0,"284":0,"285":0,"286":0,"287":0,"288":0,"289":0,"290":0,"291":0,"292":0,"293":0,"294":0,"295":0,"296":0,"297":0,"298":0,"299":0,"300":0,"301":0,"302":0,"303":0,"304":0,"305":0,"306":0,"307":0,"308":0,"309":0,"310":0,"311":0,"312":0,"313":0,"314":0,"315":0,"316":0,"317":0,"318":0,"319":0,"320":0,"321":0,"322":0,"323":0,"324":0,"325":0,"326":0,"327":0,"328":0,"329":0,"330":0,"331":0,"332":0,"333":0,"334":0,"335":0,"336":0,"337":0,"338":0,"339":0,"340":0,"341":0,"342":0,"343":0,"344":0,"345":0,"346":0,"347":0,"348":0,"349":0,"350":0,"351":0,"352":0,"353":0,"354":0,"355":0,"356":0,"357":0,"358":0,"359":0,"360":0,"361":0,"362":0,"363":0,"364":0,"365":0,"366":0,"367":0,"368":0,"369":0,"370":0,"371":0,"372":0,"373":0,"374":0,"375":0,"376":0,"377":0,"378":0,"379":0,"380":0,"381":0,"382":0,"383":0,"384":0,"385":0,"386":0,"387":0,"388":0,"389":0,"390":0,"391":0,"392":0,"393":0,"394":0,"395":0,"396":0,"397":0,"398":0,"399":0,"400":0,"401":0,"402":0,"403":0,"404":0,"405":0,"406":0,"407":0,"408":0,"409":0,"410":0,"411":0,"412":0,"413":0,"414":0,"415":0,"416":0,"417":0,"418":0,"419":0,"420":0,"421":0,"422":0,"423":0,"424":0,"425":0,"426":0,"427":0,"428":0,"429":0,"430":0,"431":0,"432":0,"433":0,"434":0,"435":0,"436":0,"437":0,"438":0,"439":0,"440":0,"441":0,"442":0,"443":0,"444":0,"445":0,"446":0,"447":0,"448":0,"449":0,"450":0,"451":0,"452":0,"453":0,"454":0,"455":0,"456":0,"457":0,"458":0,"459":0,"460":0,"461":0,"462":0,"463":0,"464":0,"465":0,"466":0,"467":0,"468":0,"469":0,"470":0,"471":0,"472":0,"473":0,"474":0,"475":0,"476":0,"477":0,"478":0,"479":0,"480":0,"481":0,"482":0,"483":0,"484":0,"485":0,"486":0,"487":0,"488":0,"489":0,"490":0,"491":0,"492":0,"493":0,"494":0,"495":0,"496":0,"497":0,"498":0,"499":0,"500":0,"501":0,"502":0,"503":0,"504":0,"505":0,"506":0,"507":0,"508":0,"509":0,"510":0,"511":0,"512":0,"513":0,"514":0,"515":0,"516":0,"517":0,"518":0,"519":0,"520":0,"521":0,"522":0,"523":0,"524":0,"525":0,"526":0,"527":0,"528":0,"529":0,"530":0,"531":0,"532":0,"533":0,"534":0,"535":0,"536":0,"537":0,"538":0,"539":0,"540":0,"541":0,"542":0,"543":0,"544":0,"545":0,"546":0,"547":0,"548":0,"549":0,"550":0,"551":0,"552":0,"553":0,"554":0,"555":0,"556":0,"557":0,"558":0,"559":0,"560":0,"561":0,"562":0,"563":0,"564":0,"565":0,"566":0,"567":0,"568":0,"569":0,"570":0,"571":0,"572":0,"573":0,"574":0,"575":0,"576":0,"577":0,"578":0,"579":0,"580":0,"581":0,"582":0,"583":0,"584":0,"585":0,"586":0,"587":0,"588":0,"589":0,"590":0,"591":0,"592":0,"593":0,"594":0,"595":0,"596":0,"597":0,"598":0,"599":0,"600":0,"601":0,"602":0,"603":0,"604":0,"605":0,"606":0,"607":0,"608":0,"609":0,"610":0,"611":0,"612":0,"613":0,"614":0,"615":0,"616":0,"617":0,"618":0,"619":0,"620":0,"621":0,"622":0,"623":0,"624":0,"625":0,"626":0,"627":0,"628":0},"branchMap":{"0":{"type":"branch","line":1,"loc":{"start":{"line":1,"column":0},"end":{"line":629,"column":19}},"locations":[{"start":{"line":1,"column":0},"end":{"line":629,"column":19}}]}},"b":{"0":[0]},"fnMap":{"0":{"name":"(empty-report)","decl":{"start":{"line":1,"column":0},"end":{"line":629,"column":19}},"loc":{"start":{"line":1,"column":0},"end":{"line":629,"column":19}},"line":1}},"f":{"0":0}}
,"/Users/brynecarruthers/Files/Programming/python/master-theorem/frontend/src/main.tsx": {"path":"/Users/brynecarruthers/Files/Programming/python/master-theorem/frontend/src/main.tsx","all":true,"statementMap":{"0":{"start":{"line":1,"column":0},"end":{"line":1,"column":25}},"1":{"start":{"line":2,"column":0},"end":{"line":2,"column":39}},"2":{"start":{"line":3,"column":0},"end":{"line":3,"column":47}},"3":{"start":{"line":4,"column":0},"end":{"line":4,"column":55}},"4":{"start":{"line":5,"column":0},"end":{"line":5,"column":27}},"5":{"start":{"line":6,"column":0},"end":{"line":6,"column":20}},"6":{"start":{"line":7,"column":0},"end":{"line":7,"column":0}},"7":{"start":{"line":8,"column":0},"end":{"line":8,"column":61}},"8":{"start":{"line":9,"column":0},"end":{"line":9,"column":20}},"9":{"start":{"line":10,"column":0},"end":{"line":10,"column":11}},"10":{"start":{"line":11,"column":0},"end":{"line":11,"column":22}},"11":{"start":{"line":12,"column":0},"end":{"line":12,"column":1}}},"s":{"0":0,"1":0,"2":0,"3":0,"4":0,"5":0,"6":0,"7":0,"8":0,"9":0,"10":0,"11":0},"branchMap":{"0":{"type":"branch","line":1,"loc":{"start":{"line":1,"column":0},"end":{"line":12,"column":1}},"locations":[{"start":{"line":1,"column":0},"end":{"line":12,"column":1}}]}},"b":{"0":[0]},"fnMap":{"0":{"name":"(empty-report)","decl":{"start":{"line":1,"column":0},"end":{"line":12,"column":1}},"loc":{"start":{"line":1,"column":0},"end":{"line":12,"column":1}},"line":1}},"f":{"0":0}}
,"/Users/brynecarruthers/Files/Programming/python/master-theorem/frontend/src/setupTests.ts": {"path":"/Users/brynecarruthers/Files/Programming/python/master-theorem/frontend/src/setupTests.ts","all":true,"statementMap":{"0":{"start":{"line":1,"column":0},"end":{"line":1,"column":29}},"1":{"start":{"line":2,"column":0},"end":{"line":2,"column":0}},"2":{"start":{"line":3,"column":0},"end":{"line":3,"column":42}}},"s":{"0":0,"1":0,"2":0},"branchMap":{"0":{"type":"branch","line":1,"loc":{"start":{"line":1,"column":0},"end":{"line":3,"column":42}},"locations":[{"start":{"line":1,"column":0},"end":{"line":3,"column":42}}]}},"b":{"0":[0]},"fnMap":{"0":{"name":"(empty-report)","decl":{"start":{"line":1,"column":0},"end":{"line":3,"column":42}},"loc":{"start":{"line":1,"column":0},"end":{"line":3,"column":42}},"line":1}},"f":{"0":0}}
,"/Users/brynecarruthers/Files/Programming/python/master-theorem/frontend/src/components/Header/Header.tsx": {"path":"/Users/brynecarruthers/Files/Programming/python/master-theorem/frontend/src/components/Header/Header.tsx","all":false,"statementMap":{"0":{"start":{"line":1,"column":0},"end":{"line":1,"column":44}},"1":{"start":{"line":2,"column":0},"end":{"line":2,"column":0}},"2":{"start":{"line":3,"column":0},"end":{"line":3,"column":26}},"3":{"start":{"line":4,"column":0},"end":{"line":4,"column":49}},"4":{"start":{"line":5,"column":0},"end":{"line":5,"column":0}},"5":{"start":{"line":6,"column":0},"end":{"line":6,"column":23}},"6":{"start":{"line":7,"column":0},"end":{"line":7,"column":16}},"7":{"start":{"line":8,"column":0},"end":{"line":8,"column":1}},"8":{"start":{"line":9,"column":0},"end":{"line":9,"column":0}},"9":{"start":{"line":10,"column":0},"end":{"line":10,"column":54}},"10":{"start":{"line":11,"column":0},"end":{"line":11,"column":10}},"11":{"start":{"line":12,"column":0},"end":{"line":12,"column":19}},"12":{"start":{"line":13,"column":0},"end":{"line":13,"column":46}},"13":{"start":{"line":14,"column":0},"end":{"line":14,"column":20}},"14":{"start":{"line":15,"column":0},"end":{"line":15,"column":4}},"15":{"start":{"line":16,"column":0},"end":{"line":16,"column":2}},"16":{"start":{"line":17,"column":0},"end":{"line":17,"column":0}},"17":{"start":{"line":18,"column":0},"end":{"line":18,"column":22}}},"s":{"0":1,"1":1,"2":1,"3":1,"4":1,"5":1,"6":1,"7":1,"8":1,"9":1,"10":1,"11":1,"12":1,"13":1,"14":1,"15":1,"16":1,"17":1},"branchMap":{"0":{"type":"branch","line":10,"loc":{"start":{"line":10,"column":38},"end":{"line":16,"column":2}},"locations":[{"start":{"line":10,"column":38},"end":{"line":16,"column":2}}]}},"b":{"0":[1]},"fnMap":{"0":{"name":"Header","decl":{"start":{"line":10,"column":38},"end":{"line":16,"column":2}},"loc":{"start":{"line":10,"column":38},"end":{"line":16,"column":2}},"line":10}},"f":{"0":1}}
}
